[post] started 2026-07-03T17:59:30+08:00
[post] waiting train pid=1674370
[train-tail] [i] size=128 tiles=16600 params=63.1M bs=64 epochs=50 dev=cuda
[train-tail] [ep   1] L_simple=0.0865  76.2s
[train-tail] [i] size=128 tiles=16600 params=63.1M bs=64 epochs=50 dev=cuda
[train-tail] [ep   1] L_simple=0.0865  76.2s
[train-tail] [ep   2] L_simple=0.0525  76.1s
[train-tail] [i] size=128 tiles=16600 params=63.1M bs=64 epochs=50 dev=cuda
[train-tail] [ep   1] L_simple=0.0865  76.2s
[train-tail] [ep   2] L_simple=0.0525  76.1s
[train-tail] [ep   3] L_simple=0.0488  76.1s
[train-tail] [i] size=128 tiles=16600 params=63.1M bs=64 epochs=50 dev=cuda
[train-tail] [ep   1] L_simple=0.0865  76.2s
[train-tail] [ep   2] L_simple=0.0525  76.1s
[train-tail] [ep   3] L_simple=0.0488  76.1s
[train-tail] [ep   4] L_simple=0.0491  76.3s
[train-tail] [i] size=128 tiles=16600 params=63.1M bs=64 epochs=50 dev=cuda
[train-tail] [ep   1] L_simple=0.0865  76.2s
[train-tail] [ep   2] L_simple=0.0525  76.1s
[train-tail] [ep   3] L_simple=0.0488  76.1s
[train-tail] [ep   4] L_simple=0.0491  76.3s
[train-tail] [ep   1] L_simple=0.0865  76.2s
[train-tail] [ep   2] L_simple=0.0525  76.1s
[train-tail] [ep   3] L_simple=0.0488  76.1s
[train-tail] [ep   4] L_simple=0.0491  76.3s
[train-tail] [ep   5] L_simple=0.0475  76.2s
[train-tail] [ep   2] L_simple=0.0525  76.1s
[train-tail] [ep   3] L_simple=0.0488  76.1s
[train-tail] [ep   4] L_simple=0.0491  76.3s
[train-tail] [ep   5] L_simple=0.0475  76.2s
[train-tail] [ep   6] L_simple=0.0484  76.2s
[train-tail] [ep   3] L_simple=0.0488  76.1s
[train-tail] [ep   4] L_simple=0.0491  76.3s
[train-tail] [ep   5] L_simple=0.0475  76.2s
[train-tail] [ep   6] L_simple=0.0484  76.2s
[train-tail] [ep   7] L_simple=0.0483  76.2s
[train-tail] [ep   4] L_simple=0.0491  76.3s
[train-tail] [ep   5] L_simple=0.0475  76.2s
[train-tail] [ep   6] L_simple=0.0484  76.2s
[train-tail] [ep   7] L_simple=0.0483  76.2s
[train-tail] [ep   8] L_simple=0.0486  76.2s
[train-tail] [ep   4] L_simple=0.0491  76.3s
[train-tail] [ep   5] L_simple=0.0475  76.2s
[train-tail] [ep   6] L_simple=0.0484  76.2s
[train-tail] [ep   7] L_simple=0.0483  76.2s
[train-tail] [ep   8] L_simple=0.0486  76.2s
[train-tail] [ep   5] L_simple=0.0475  76.2s
[train-tail] [ep   6] L_simple=0.0484  76.2s
[train-tail] [ep   7] L_simple=0.0483  76.2s
[train-tail] [ep   8] L_simple=0.0486  76.2s
[train-tail] [ep   9] L_simple=0.0480  76.2s
[train-tail] [ep   6] L_simple=0.0484  76.2s
[train-tail] [ep   7] L_simple=0.0483  76.2s
[train-tail] [ep   8] L_simple=0.0486  76.2s
[train-tail] [ep   9] L_simple=0.0480  76.2s
[train-tail] [ep  10] L_simple=0.0480  76.3s
[train-tail] [ep   6] L_simple=0.0484  76.2s
[train-tail] [ep   7] L_simple=0.0483  76.2s
[train-tail] [ep   8] L_simple=0.0486  76.2s
[train-tail] [ep   9] L_simple=0.0480  76.2s
[train-tail] [ep  10] L_simple=0.0480  76.3s
[train-tail] [ep   7] L_simple=0.0483  76.2s
[train-tail] [ep   8] L_simple=0.0486  76.2s
[train-tail] [ep   9] L_simple=0.0480  76.2s
[train-tail] [ep  10] L_simple=0.0480  76.3s
[train-tail] [ep  11] L_simple=0.0461  76.2s
[train-tail] [ep   8] L_simple=0.0486  76.2s
[train-tail] [ep   9] L_simple=0.0480  76.2s
[train-tail] [ep  10] L_simple=0.0480  76.3s
[train-tail] [ep  11] L_simple=0.0461  76.2s
[train-tail] [ep  12] L_simple=0.0465  76.2s
[train-tail] [ep   9] L_simple=0.0480  76.2s
[train-tail] [ep  10] L_simple=0.0480  76.3s
[train-tail] [ep  11] L_simple=0.0461  76.2s
[train-tail] [ep  12] L_simple=0.0465  76.2s
[train-tail] [ep  13] L_simple=0.0470  76.3s
[train-tail] [ep  10] L_simple=0.0480  76.3s
[train-tail] [ep  11] L_simple=0.0461  76.2s
[train-tail] [ep  12] L_simple=0.0465  76.2s
[train-tail] [ep  13] L_simple=0.0470  76.3s
[train-tail] [ep  14] L_simple=0.0466  76.2s
[train-tail] [ep  10] L_simple=0.0480  76.3s
[train-tail] [ep  11] L_simple=0.0461  76.2s
[train-tail] [ep  12] L_simple=0.0465  76.2s
[train-tail] [ep  13] L_simple=0.0470  76.3s
[train-tail] [ep  14] L_simple=0.0466  76.2s
[train-tail] [ep  11] L_simple=0.0461  76.2s
[train-tail] [ep  12] L_simple=0.0465  76.2s
[train-tail] [ep  13] L_simple=0.0470  76.3s
[train-tail] [ep  14] L_simple=0.0466  76.2s
[train-tail] [ep  15] L_simple=0.0471  76.2s
[train-tail] [ep  12] L_simple=0.0465  76.2s
[train-tail] [ep  13] L_simple=0.0470  76.3s
[train-tail] [ep  14] L_simple=0.0466  76.2s
[train-tail] [ep  15] L_simple=0.0471  76.2s
[train-tail] [ep  16] L_simple=0.0454  76.2s
[train-tail] [ep  13] L_simple=0.0470  76.3s
[train-tail] [ep  14] L_simple=0.0466  76.2s
[train-tail] [ep  15] L_simple=0.0471  76.2s
[train-tail] [ep  16] L_simple=0.0454  76.2s
[train-tail] [ep  17] L_simple=0.0466  76.3s
[train-tail] [ep  13] L_simple=0.0470  76.3s
[train-tail] [ep  14] L_simple=0.0466  76.2s
[train-tail] [ep  15] L_simple=0.0471  76.2s
[train-tail] [ep  16] L_simple=0.0454  76.2s
[train-tail] [ep  17] L_simple=0.0466  76.3s
[train-tail] [ep  14] L_simple=0.0466  76.2s
[train-tail] [ep  15] L_simple=0.0471  76.2s
[train-tail] [ep  16] L_simple=0.0454  76.2s
[train-tail] [ep  17] L_simple=0.0466  76.3s
[train-tail] [ep  18] L_simple=0.0462  76.3s
[train-tail] [ep  15] L_simple=0.0471  76.2s
[train-tail] [ep  16] L_simple=0.0454  76.2s
[train-tail] [ep  17] L_simple=0.0466  76.3s
[train-tail] [ep  18] L_simple=0.0462  76.3s
[train-tail] [ep  19] L_simple=0.0469  76.4s
[train-tail] [ep  16] L_simple=0.0454  76.2s
[train-tail] [ep  17] L_simple=0.0466  76.3s
[train-tail] [ep  18] L_simple=0.0462  76.3s
[train-tail] [ep  19] L_simple=0.0469  76.4s
[train-tail] [ep  20] L_simple=0.0455  76.2s
[train-tail] [ep  16] L_simple=0.0454  76.2s
[train-tail] [ep  17] L_simple=0.0466  76.3s
[train-tail] [ep  18] L_simple=0.0462  76.3s
[train-tail] [ep  19] L_simple=0.0469  76.4s
[train-tail] [ep  20] L_simple=0.0455  76.2s
[train-tail] [ep  17] L_simple=0.0466  76.3s
[train-tail] [ep  18] L_simple=0.0462  76.3s
[train-tail] [ep  19] L_simple=0.0469  76.4s
[train-tail] [ep  20] L_simple=0.0455  76.2s
[train-tail] [ep  21] L_simple=0.0467  76.2s
[train-tail] [ep  18] L_simple=0.0462  76.3s
[train-tail] [ep  19] L_simple=0.0469  76.4s
[train-tail] [ep  20] L_simple=0.0455  76.2s
[train-tail] [ep  21] L_simple=0.0467  76.2s
[train-tail] [ep  22] L_simple=0.0458  76.2s
[train-tail] [ep  19] L_simple=0.0469  76.4s
[train-tail] [ep  20] L_simple=0.0455  76.2s
[train-tail] [ep  21] L_simple=0.0467  76.2s
[train-tail] [ep  22] L_simple=0.0458  76.2s
[train-tail] [ep  23] L_simple=0.0481  76.3s
[train-tail] [ep  19] L_simple=0.0469  76.4s
[train-tail] [ep  20] L_simple=0.0455  76.2s
[train-tail] [ep  21] L_simple=0.0467  76.2s
[train-tail] [ep  22] L_simple=0.0458  76.2s
[train-tail] [ep  23] L_simple=0.0481  76.3s
[train-tail] [ep  20] L_simple=0.0455  76.2s
[train-tail] [ep  21] L_simple=0.0467  76.2s
[train-tail] [ep  22] L_simple=0.0458  76.2s
[train-tail] [ep  23] L_simple=0.0481  76.3s
[train-tail] [ep  24] L_simple=0.0464  76.4s
[train-tail] [ep  21] L_simple=0.0467  76.2s
[train-tail] [ep  22] L_simple=0.0458  76.2s
[train-tail] [ep  23] L_simple=0.0481  76.3s
[train-tail] [ep  24] L_simple=0.0464  76.4s
[train-tail] [ep  25] L_simple=0.0466  76.3s
[train-tail] [ep  22] L_simple=0.0458  76.2s
[train-tail] [ep  23] L_simple=0.0481  76.3s
[train-tail] [ep  24] L_simple=0.0464  76.4s
[train-tail] [ep  25] L_simple=0.0466  76.3s
[train-tail] [ep  26] L_simple=0.0474  76.3s
[train-tail] [ep  23] L_simple=0.0481  76.3s
[train-tail] [ep  24] L_simple=0.0464  76.4s
[train-tail] [ep  25] L_simple=0.0466  76.3s
[train-tail] [ep  26] L_simple=0.0474  76.3s
[train-tail] [ep  27] L_simple=0.0466  76.3s
[train-tail] [ep  23] L_simple=0.0481  76.3s
[train-tail] [ep  24] L_simple=0.0464  76.4s
[train-tail] [ep  25] L_simple=0.0466  76.3s
[train-tail] [ep  26] L_simple=0.0474  76.3s
[train-tail] [ep  27] L_simple=0.0466  76.3s
[train-tail] [ep  24] L_simple=0.0464  76.4s
[train-tail] [ep  25] L_simple=0.0466  76.3s
[train-tail] [ep  26] L_simple=0.0474  76.3s
[train-tail] [ep  27] L_simple=0.0466  76.3s
[train-tail] [ep  28] L_simple=0.0471  76.3s
[train-tail] [ep  25] L_simple=0.0466  76.3s
[train-tail] [ep  26] L_simple=0.0474  76.3s
[train-tail] [ep  27] L_simple=0.0466  76.3s
[train-tail] [ep  28] L_simple=0.0471  76.3s
[train-tail] [ep  29] L_simple=0.0461  76.3s
[train-tail] [ep  26] L_simple=0.0474  76.3s
[train-tail] [ep  27] L_simple=0.0466  76.3s
[train-tail] [ep  28] L_simple=0.0471  76.3s
[train-tail] [ep  29] L_simple=0.0461  76.3s
[train-tail] [ep  30] L_simple=0.0470  76.2s
[train-tail] [ep  26] L_simple=0.0474  76.3s
[train-tail] [ep  27] L_simple=0.0466  76.3s
[train-tail] [ep  28] L_simple=0.0471  76.3s
[train-tail] [ep  29] L_simple=0.0461  76.3s
[train-tail] [ep  30] L_simple=0.0470  76.2s
[train-tail] [ep  27] L_simple=0.0466  76.3s
[train-tail] [ep  28] L_simple=0.0471  76.3s
[train-tail] [ep  29] L_simple=0.0461  76.3s
[train-tail] [ep  30] L_simple=0.0470  76.2s
[train-tail] [ep  31] L_simple=0.0470  76.2s
[train-tail] [ep  28] L_simple=0.0471  76.3s
[train-tail] [ep  29] L_simple=0.0461  76.3s
[train-tail] [ep  30] L_simple=0.0470  76.2s
[train-tail] [ep  31] L_simple=0.0470  76.2s
[train-tail] [ep  32] L_simple=0.0467  76.3s
[train-tail] [ep  29] L_simple=0.0461  76.3s
[train-tail] [ep  30] L_simple=0.0470  76.2s
[train-tail] [ep  31] L_simple=0.0470  76.2s
[train-tail] [ep  32] L_simple=0.0467  76.3s
[train-tail] [ep  33] L_simple=0.0452  76.3s
[train-tail] [ep  29] L_simple=0.0461  76.3s
[train-tail] [ep  30] L_simple=0.0470  76.2s
[train-tail] [ep  31] L_simple=0.0470  76.2s
[train-tail] [ep  32] L_simple=0.0467  76.3s
[train-tail] [ep  33] L_simple=0.0452  76.3s
[train-tail] [ep  30] L_simple=0.0470  76.2s
[train-tail] [ep  31] L_simple=0.0470  76.2s
[train-tail] [ep  32] L_simple=0.0467  76.3s
[train-tail] [ep  33] L_simple=0.0452  76.3s
[train-tail] [ep  34] L_simple=0.0465  76.3s
[train-tail] [ep  31] L_simple=0.0470  76.2s
[train-tail] [ep  32] L_simple=0.0467  76.3s
[train-tail] [ep  33] L_simple=0.0452  76.3s
[train-tail] [ep  34] L_simple=0.0465  76.3s
[train-tail] [ep  35] L_simple=0.0460  76.3s
[train-tail] [ep  32] L_simple=0.0467  76.3s
[train-tail] [ep  33] L_simple=0.0452  76.3s
[train-tail] [ep  34] L_simple=0.0465  76.3s
[train-tail] [ep  35] L_simple=0.0460  76.3s
[train-tail] [ep  36] L_simple=0.0467  76.3s
[train-tail] [ep  32] L_simple=0.0467  76.3s
[train-tail] [ep  33] L_simple=0.0452  76.3s
[train-tail] [ep  34] L_simple=0.0465  76.3s
[train-tail] [ep  35] L_simple=0.0460  76.3s
[train-tail] [ep  36] L_simple=0.0467  76.3s
[train-tail] [ep  33] L_simple=0.0452  76.3s
[train-tail] [ep  34] L_simple=0.0465  76.3s
[train-tail] [ep  35] L_simple=0.0460  76.3s
[train-tail] [ep  36] L_simple=0.0467  76.3s
[train-tail] [ep  37] L_simple=0.0459  76.4s
[train-tail] [ep  34] L_simple=0.0465  76.3s
[train-tail] [ep  35] L_simple=0.0460  76.3s
[train-tail] [ep  36] L_simple=0.0467  76.3s
[train-tail] [ep  37] L_simple=0.0459  76.4s
[train-tail] [ep  38] L_simple=0.0457  76.3s
[train-tail] [ep  35] L_simple=0.0460  76.3s
[train-tail] [ep  36] L_simple=0.0467  76.3s
[train-tail] [ep  37] L_simple=0.0459  76.4s
[train-tail] [ep  38] L_simple=0.0457  76.3s
[train-tail] [ep  39] L_simple=0.0445  76.3s
[train-tail] [ep  36] L_simple=0.0467  76.3s
[train-tail] [ep  37] L_simple=0.0459  76.4s
[train-tail] [ep  38] L_simple=0.0457  76.3s
[train-tail] [ep  39] L_simple=0.0445  76.3s
[train-tail] [ep  40] L_simple=0.0456  76.3s
[train-tail] [ep  36] L_simple=0.0467  76.3s
[train-tail] [ep  37] L_simple=0.0459  76.4s
[train-tail] [ep  38] L_simple=0.0457  76.3s
[train-tail] [ep  39] L_simple=0.0445  76.3s
[train-tail] [ep  40] L_simple=0.0456  76.3s
[train-tail] [ep  37] L_simple=0.0459  76.4s
[train-tail] [ep  38] L_simple=0.0457  76.3s
[train-tail] [ep  39] L_simple=0.0445  76.3s
[train-tail] [ep  40] L_simple=0.0456  76.3s
[train-tail] [ep  41] L_simple=0.0462  76.3s
[train-tail] [ep  38] L_simple=0.0457  76.3s
[train-tail] [ep  39] L_simple=0.0445  76.3s
[train-tail] [ep  40] L_simple=0.0456  76.3s
[train-tail] [ep  41] L_simple=0.0462  76.3s
[train-tail] [ep  42] L_simple=0.0447  76.4s
[train-tail] [ep  38] L_simple=0.0457  76.3s
[train-tail] [ep  39] L_simple=0.0445  76.3s
[train-tail] [ep  40] L_simple=0.0456  76.3s
[train-tail] [ep  41] L_simple=0.0462  76.3s
[train-tail] [ep  42] L_simple=0.0447  76.4s
[train-tail] [ep  39] L_simple=0.0445  76.3s
[train-tail] [ep  40] L_simple=0.0456  76.3s
[train-tail] [ep  41] L_simple=0.0462  76.3s
[train-tail] [ep  42] L_simple=0.0447  76.4s
[train-tail] [ep  43] L_simple=0.0464  76.3s
[train-tail] [ep  40] L_simple=0.0456  76.3s
[train-tail] [ep  41] L_simple=0.0462  76.3s
[train-tail] [ep  42] L_simple=0.0447  76.4s
[train-tail] [ep  43] L_simple=0.0464  76.3s
[train-tail] [ep  44] L_simple=0.0460  76.3s
[train-tail] [ep  41] L_simple=0.0462  76.3s
[train-tail] [ep  42] L_simple=0.0447  76.4s
[train-tail] [ep  43] L_simple=0.0464  76.3s
[train-tail] [ep  44] L_simple=0.0460  76.3s
[train-tail] [ep  45] L_simple=0.0466  76.3s
[train-tail] [ep  42] L_simple=0.0447  76.4s
[train-tail] [ep  43] L_simple=0.0464  76.3s
[train-tail] [ep  44] L_simple=0.0460  76.3s
[train-tail] [ep  45] L_simple=0.0466  76.3s
[train-tail] [ep  46] L_simple=0.0458  76.3s
[train-tail] [ep  42] L_simple=0.0447  76.4s
[train-tail] [ep  43] L_simple=0.0464  76.3s
[train-tail] [ep  44] L_simple=0.0460  76.3s
[train-tail] [ep  45] L_simple=0.0466  76.3s
[train-tail] [ep  46] L_simple=0.0458  76.3s
[train-tail] [ep  43] L_simple=0.0464  76.3s
[train-tail] [ep  44] L_simple=0.0460  76.3s
[train-tail] [ep  45] L_simple=0.0466  76.3s
[train-tail] [ep  46] L_simple=0.0458  76.3s
[train-tail] [ep  47] L_simple=0.0460  76.3s
[train-tail] [ep  44] L_simple=0.0460  76.3s
[train-tail] [ep  45] L_simple=0.0466  76.3s
[train-tail] [ep  46] L_simple=0.0458  76.3s
[train-tail] [ep  47] L_simple=0.0460  76.3s
[train-tail] [ep  48] L_simple=0.0459  76.4s
[train-tail] [ep  45] L_simple=0.0466  76.3s
[train-tail] [ep  46] L_simple=0.0458  76.3s
[train-tail] [ep  47] L_simple=0.0460  76.3s
[train-tail] [ep  48] L_simple=0.0459  76.4s
[train-tail] [ep  49] L_simple=0.0468  76.3s
[train-tail] [ep  45] L_simple=0.0466  76.3s
[train-tail] [ep  46] L_simple=0.0458  76.3s
[train-tail] [ep  47] L_simple=0.0460  76.3s
[train-tail] [ep  48] L_simple=0.0459  76.4s
[train-tail] [ep  49] L_simple=0.0468  76.3s
[post] train pid exited 2026-07-03T19:03:30+08:00
[ep  32] L_simple=0.0467  76.3s
[ep  33] L_simple=0.0452  76.3s
[ep  34] L_simple=0.0465  76.3s
[ep  35] L_simple=0.0460  76.3s
[ep  36] L_simple=0.0467  76.3s
[ep  37] L_simple=0.0459  76.4s
[ep  38] L_simple=0.0457  76.3s
[ep  39] L_simple=0.0445  76.3s
[ep  40] L_simple=0.0456  76.3s
[ep  41] L_simple=0.0462  76.3s
[ep  42] L_simple=0.0447  76.4s
[ep  43] L_simple=0.0464  76.3s
[ep  44] L_simple=0.0460  76.3s
[ep  45] L_simple=0.0466  76.3s
[ep  46] L_simple=0.0458  76.3s
[ep  47] L_simple=0.0460  76.3s
[ep  48] L_simple=0.0459  76.4s
[ep  49] L_simple=0.0468  76.3s
[ep  50] L_simple=0.0454  76.3s
[done] best L_simple=0.0445 -> /home/user/HXL/HY7_planb/phase2/ddpm_ct28_gray
[post] sampling gray 512
[info] 连续值已保存 -> /home/user/HXL/HY7_planb/phase2/ddpm_ct28_gray/samples_continuous.npy  (float32, [-1,1])
[done] 512 gray samples min=-1.000 max=1.000 mean=-0.432 -> /home/user/HXL/HY7_planb/phase2/ddpm_ct28_gray/samples_gray.npy
[post] threshold generated gray to target phi
{
  "method": "B1-threshold: generated gray <= percentile threshold",
  "target_phi_pct": 6.4,
  "threshold_norm": -0.97492915391922,
  "n": 512,
  "gray_min": -1.0,
  "gray_max": 1.0,
  "gray_mean": -0.43188536167144775,
  "phi_pct_mean": 6.400024890899658,
  "phi_pct_median": 5.46875,
  "notes": "First cheap B1 threshold proxy; nnUNet downstream requires separate generated-slice inference adapter."
}
[post] evaluate threshold pore
[done] porosity real=6.40% gen=6.40% naive=6.41%
       S2 rmse gen=0.0010 naive=0.0049
       Euler real=127.3 gen=111.0 naive=890.2
       max-CC-frac real=0.060 gen=0.088 naive=0.005
       x-penetrate real=0.000 gen=0.000 naive=0.000
       -> /home/user/HXL/HY7_planb/phase2/b1_gray_sus_eval_threshold_phi64/metrics.json  fig_eval.png
[post] hash artifacts
[post] done 2026-07-03T19:29:38+08:00
